[Global parameter]
Sampring frequency                     ->    48000(Hz)
Frame period                           ->      240(point)
                                           5.00000(msec)
All-pass constant                      ->  0.55000
Gamma                                  ->  0.00000
Postfiltering coefficient              ->  0.00000
Audio buffer size                      ->        0(sample)

[Duration parameter]
Number of states                       ->        5
         Interpolation size            ->        1
         Interpolation weight[ 0]      ->      100(%)

[Stream parameter]
Stream[ 0] vector length               ->       35
           Dynamic window size         ->        3
           Interpolation size          ->        1
           Interpolation weight[ 0]    ->      100(%)
           MSD flag                    ->    FALSE
           GV flag                     ->     TRUE
           GV weight                   ->      100(%)
           GV interpolation size       ->        1
           GV interpolation weight[ 0] ->      100(%)
Stream[ 1] vector length               ->        1
           Dynamic window size         ->        3
           Interpolation size          ->        1
           Interpolation weight[ 0]    ->      100(%)
           MSD flag                    ->     TRUE
           MSD threshold               ->  0.50000
           GV flag                     ->     TRUE
           GV weight                   ->      100(%)
           GV interpolation size       ->        1
           GV interpolation weight[ 0] ->      100(%)
Stream[ 2] vector length               ->       31
           Dynamic window size         ->        1
           Interpolation size          ->        1
           Interpolation weight[ 0]    ->      100(%)
           MSD flag                    ->    FALSE
           GV flag                     ->    FALSE

[Generated sequence]
Number of HMMs                         ->        7
Number of stats                        ->       35
Length of this speech                  ->    0.900(sec)
                                       ->    43200(frames)
HMM[ 0]
  Name                                 -> x^x-SIL+m=r@1_0/A:0_0_0/B:0-0-0@1-0&1-1#1-1$1-1!0-0;0-0|0/C:0+0+0/D:0_0/E:0+0@1+0&1+0#0+0/F:0_0/G:0_0/H:0=0^1=1|0/I:0=0/J:3+1-1
  Duration
    Interpolation[ 0]
      Tree index                       ->        2
      PDF index                        ->      281
  State[ 2]
    Length                             ->        1(frames)
    Stream[ 0]
      Interpolation[ 0]
        Tree index                     ->        2
        PDF index                      ->      377
    Stream[ 1]
      MSD flag                         ->    FALSE
      Interpolation[ 0]
        Tree index                     ->        2
        PDF index                      ->      244
    Stream[ 2]
      Interpolation[ 0]
        Tree index                     ->        2
        PDF index                      ->        1
  State[ 3]
    Length                             ->        1(frames)
    Stream[ 0]
      Interpolation[ 0]
        Tree index                     ->        3
        PDF index                      ->        5
    Stream[ 1]
      MSD flag                         ->    FALSE
      Interpolation[ 0]
        Tree index                     ->        3
        PDF index                      ->      884
    Stream[ 2]
      Interpolation[ 0]
        Tree index                     ->        3
        PDF index                      ->        1
  State[ 4]
    Length                             ->        1(frames)
    Stream[ 0]
      Interpolation[ 0]
        Tree index                     ->        4
        PDF index                      ->        7
    Stream[ 1]
      MSD flag                         ->    FALSE
      Interpolation[ 0]
        Tree index                     ->        4
        PDF index                      ->      690
    Stream[ 2]
      Interpolation[ 0]
        Tree index                     ->        4
        PDF index                      ->        1
  State[ 5]
    Length                             ->       14(frames)
    Stream[ 0]
      Interpolation[ 0]
        Tree index                     ->        5
        PDF index                      ->        3
    Stream[ 1]
      MSD flag                         ->    FALSE
      Interpolation[ 0]
        Tree index                     ->        5
        PDF index                      ->      707
    Stream[ 2]
      Interpolation[ 0]
        Tree index                     ->        5
        PDF index                      ->        1
  State[ 6]
    Length                             ->        3(frames)
    Stream[ 0]
      Interpolation[ 0]
        Tree index                     ->        6
        PDF index                      ->      126
    Stream[ 1]
      MSD flag                         ->    FALSE
      Interpolation[ 0]
        Tree index                     ->        6
        PDF index                      ->        1
    Stream[ 2]
      Interpolation[ 0]
        Tree index                     ->        6
        PDF index                      ->        1
HMM[ 1]
  Name                                 -> x^SIL-m+r=aa@1_1/A:0_0_0/B:0-0-1@1-3&1-3#1-1$1-1!0-0;0-0|0/C:0+0+2/D:0_0/E:content+3@1+1&1+0#0+0/F:0_0/G:0_0/H:3=1^1=1|NONE/I:0=0/J:3+1-1
  Duration
    Interpolation[ 0]
      Tree index                       ->        2
      PDF index                        ->       86
  State[ 2]
    Length                             ->        6(frames)
    Stream[ 0]
      Interpolation[ 0]
        Tree index                     ->        2
        PDF index                      ->       62
    Stream[ 1]
      MSD flag                         ->    FALSE
      Interpolation[ 0]
        Tree index                     ->        2
        PDF index                      ->        9
    Stream[ 2]
      Interpolation[ 0]
        Tree index                     ->        2
        PDF index                      ->        1
  State[ 3]
    Length                             ->        4(frames)
    Stream[ 0]
      Interpolation[ 0]
        Tree index                     ->        3
        PDF index                      ->      109
    Stream[ 1]
      MSD flag                         ->    FALSE
      Interpolation[ 0]
        Tree index                     ->        3
        PDF index                      ->       14
    Stream[ 2]
      Interpolation[ 0]
        Tree index                     ->        3
        PDF index                      ->        1
  State[ 4]
    Length                             ->        6(frames)
    Stream[ 0]
      Interpolation[ 0]
        Tree index                     ->        4
        PDF index                      ->      535
    Stream[ 1]
      MSD flag                         ->     TRUE
      Interpolation[ 0]
        Tree index                     ->        4
        PDF index                      ->      661
    Stream[ 2]
      Interpolation[ 0]
        Tree index                     ->        4
        PDF index                      ->        1
  State[ 5]
    Length                             ->        8(frames)
    Stream[ 0]
      Interpolation[ 0]
        Tree index                     ->        5
        PDF index                      ->      483
    Stream[ 1]
      MSD flag                         ->     TRUE
      Interpolation[ 0]
        Tree index                     ->        5
        PDF index                      ->     1110
    Stream[ 2]
      Interpolation[ 0]
        Tree index                     ->        5
        PDF index                      ->        1
  State[ 6]
    Length                             ->        4(frames)
    Stream[ 0]
      Interpolation[ 0]
        Tree index                     ->        6
        PDF index                      ->      510
    Stream[ 1]
      MSD flag                         ->     TRUE
      Interpolation[ 0]
        Tree index                     ->        6
        PDF index                      ->      237
    Stream[ 2]
      Interpolation[ 0]
        Tree index                     ->        6
        PDF index                      ->        1
HMM[ 2]
  Name                                 -> SIL^m-r+aa=txh@1_2/A:0_0_1/B:0-0-2@2-2&2-2#1-1$1-1!0-0;0-0|0/C:0+0+2/D:0_0/E:content+3@1+1&1+0#0+0/F:0_0/G:0_0/H:3=1^1=1|NONE/I:0=0/J:3+1-1
  Duration
    Interpolation[ 0]
      Tree index                       ->        2
      PDF index                        ->     1075
  State[ 2]
    Length                             ->        3(frames)
    Stream[ 0]
      Interpolation[ 0]
        Tree index                     ->        2
        PDF index                      ->      572
    Stream[ 1]
      MSD flag                         ->     TRUE
      Interpolation[ 0]
        Tree index                     ->        2
        PDF index                      ->      659
    Stream[ 2]
      Interpolation[ 0]
        Tree index                     ->        2
        PDF index                      ->        1
  State[ 3]
    Length                             ->        2(frames)
    Stream[ 0]
      Interpolation[ 0]
        Tree index                     ->        3
        PDF index                      ->      580
    Stream[ 1]
      MSD flag                         ->     TRUE
      Interpolation[ 0]
        Tree index                     ->        3
        PDF index                      ->     1304
    Stream[ 2]
      Interpolation[ 0]
        Tree index                     ->        3
        PDF index                      ->        1
  State[ 4]
    Length                             ->        5(frames)
    Stream[ 0]
      Interpolation[ 0]
        Tree index                     ->        4
        PDF index                      ->      208
    Stream[ 1]
      MSD flag                         ->     TRUE
      Interpolation[ 0]
        Tree index                     ->        4
        PDF index                      ->      129
    Stream[ 2]
      Interpolation[ 0]
        Tree index                     ->        4
        PDF index                      ->        1
  State[ 5]
    Length                             ->        2(frames)
    Stream[ 0]
      Interpolation[ 0]
        Tree index                     ->        5
        PDF index                      ->       98
    Stream[ 1]
      MSD flag                         ->     TRUE
      Interpolation[ 0]
        Tree index                     ->        5
        PDF index                      ->     1003
    Stream[ 2]
      Interpolation[ 0]
        Tree index                     ->        5
        PDF index                      ->        1
  State[ 6]
    Length                             ->        2(frames)
    Stream[ 0]
      Interpolation[ 0]
        Tree index                     ->        6
        PDF index                      ->      132
    Stream[ 1]
      MSD flag                         ->     TRUE
      Interpolation[ 0]
        Tree index                     ->        6
        PDF index                      ->      583
    Stream[ 2]
      Interpolation[ 0]
        Tree index                     ->        6
        PDF index                      ->        1
HMM[ 3]
  Name                                 -> m^r-aa+txh=ii@2_1/A:0_0_1/B:0-0-2@2-2&2-2#1-1$1-1!0-0;0-0|0/C:0+0+2/D:0_0/E:content+3@1+1&1+0#0+0/F:0_0/G:0_0/H:3=1^1=1|NONE/I:0=0/J:3+1-1
  Duration
    Interpolation[ 0]
      Tree index                       ->        2
      PDF index                        ->      721
  State[ 2]
    Length                             ->        5(frames)
    Stream[ 0]
      Interpolation[ 0]
        Tree index                     ->        2
        PDF index                      ->      218
    Stream[ 1]
      MSD flag                         ->     TRUE
      Interpolation[ 0]
        Tree index                     ->        2
        PDF index                      ->      673
    Stream[ 2]
      Interpolation[ 0]
        Tree index                     ->        2
        PDF index                      ->        1
  State[ 3]
    Length                             ->        5(frames)
    Stream[ 0]
      Interpolation[ 0]
        Tree index                     ->        3
        PDF index                      ->      208
    Stream[ 1]
      MSD flag                         ->     TRUE
      Interpolation[ 0]
        Tree index                     ->        3
        PDF index                      ->     1174
    Stream[ 2]
      Interpolation[ 0]
        Tree index                     ->        3
        PDF index                      ->        1
  State[ 4]
    Length                             ->        6(frames)
    Stream[ 0]
      Interpolation[ 0]
        Tree index                     ->        4
        PDF index                      ->      501
    Stream[ 1]
      MSD flag                         ->     TRUE
      Interpolation[ 0]
        Tree index                     ->        4
        PDF index                      ->     1749
    Stream[ 2]
      Interpolation[ 0]
        Tree index                     ->        4
        PDF index                      ->        1
  State[ 5]
    Length                             ->        3(frames)
    Stream[ 0]
      Interpolation[ 0]
        Tree index                     ->        5
        PDF index                      ->      306
    Stream[ 1]
      MSD flag                         ->     TRUE
      Interpolation[ 0]
        Tree index                     ->        5
        PDF index                      ->     1051
    Stream[ 2]
      Interpolation[ 0]
        Tree index                     ->        5
        PDF index                      ->        1
  State[ 6]
    Length                             ->        3(frames)
    Stream[ 0]
      Interpolation[ 0]
        Tree index                     ->        6
        PDF index                      ->      500
    Stream[ 1]
      MSD flag                         ->     TRUE
      Interpolation[ 0]
        Tree index                     ->        6
        PDF index                      ->      233
    Stream[ 2]
      Interpolation[ 0]
        Tree index                     ->        6
        PDF index                      ->        1
HMM[ 4]
  Name                                 -> r^aa-txh+ii=SIL@1_2/A:0_0_2/B:0-0-2@3-1&3-1#1-1$1-1!0-0;0-0|0/C:0+0+0/D:0_0/E:content+3@1+1&1+0#0+0/F:0_0/G:0_0/H:3=1^1=1|NONE/I:0=0/J:3+1-1
  Duration
    Interpolation[ 0]
      Tree index                       ->        2
      PDF index                        ->       27
  State[ 2]
    Length                             ->        4(frames)
    Stream[ 0]
      Interpolation[ 0]
        Tree index                     ->        2
        PDF index                      ->      533
    Stream[ 1]
      MSD flag                         ->     TRUE
      Interpolation[ 0]
        Tree index                     ->        2
        PDF index                      ->      341
    Stream[ 2]
      Interpolation[ 0]
        Tree index                     ->        2
        PDF index                      ->        1
  State[ 3]
    Length                             ->        7(frames)
    Stream[ 0]
      Interpolation[ 0]
        Tree index                     ->        3
        PDF index                      ->      356
    Stream[ 1]
      MSD flag                         ->    FALSE
      Interpolation[ 0]
        Tree index                     ->        3
        PDF index                      ->      312
    Stream[ 2]
      Interpolation[ 0]
        Tree index                     ->        3
        PDF index                      ->        1
  State[ 4]
    Length                             ->        3(frames)
    Stream[ 0]
      Interpolation[ 0]
        Tree index                     ->        4
        PDF index                      ->      378
    Stream[ 1]
      MSD flag                         ->    FALSE
      Interpolation[ 0]
        Tree index                     ->        4
        PDF index                      ->     1462
    Stream[ 2]
      Interpolation[ 0]
        Tree index                     ->        4
        PDF index                      ->        1
  State[ 5]
    Length                             ->        3(frames)
    Stream[ 0]
      Interpolation[ 0]
        Tree index                     ->        5
        PDF index                      ->      165
    Stream[ 1]
      MSD flag                         ->    FALSE
      Interpolation[ 0]
        Tree index                     ->        5
        PDF index                      ->      874
    Stream[ 2]
      Interpolation[ 0]
        Tree index                     ->        5
        PDF index                      ->        1
  State[ 6]
    Length                             ->        6(frames)
    Stream[ 0]
      Interpolation[ 0]
        Tree index                     ->        6
        PDF index                      ->      231
    Stream[ 1]
      MSD flag                         ->    FALSE
      Interpolation[ 0]
        Tree index                     ->        6
        PDF index                      ->      795
    Stream[ 2]
      Interpolation[ 0]
        Tree index                     ->        6
        PDF index                      ->        1
HMM[ 5]
  Name                                 -> aa^txh-ii+SIL=x@2_1/A:0_0_2/B:0-0-2@3-1&3-1#1-1$1-1!0-0;0-0|0/C:0+0+0/D:0_0/E:content+3@1+1&1+0#0+0/F:0_0/G:0_0/H:3=1^1=1|NONE/I:0=0/J:3+1-1
  Duration
    Interpolation[ 0]
      Tree index                       ->        2
      PDF index                        ->      521
  State[ 2]
    Length                             ->        3(frames)
    Stream[ 0]
      Interpolation[ 0]
        Tree index                     ->        2
        PDF index                      ->       42
    Stream[ 1]
      MSD flag                         ->     TRUE
      Interpolation[ 0]
        Tree index                     ->        2
        PDF index                      ->      518
    Stream[ 2]
      Interpolation[ 0]
        Tree index                     ->        2
        PDF index                      ->        1
  State[ 3]
    Length                             ->        5(frames)
    Stream[ 0]
      Interpolation[ 0]
        Tree index                     ->        3
        PDF index                      ->      549
    Stream[ 1]
      MSD flag                         ->     TRUE
      Interpolation[ 0]
        Tree index                     ->        3
        PDF index                      ->      273
    Stream[ 2]
      Interpolation[ 0]
        Tree index                     ->        3
        PDF index                      ->        1
  State[ 4]
    Length                             ->       13(frames)
    Stream[ 0]
      Interpolation[ 0]
        Tree index                     ->        4
        PDF index                      ->      374
    Stream[ 1]
      MSD flag                         ->     TRUE
      Interpolation[ 0]
        Tree index                     ->        4
        PDF index                      ->      683
    Stream[ 2]
      Interpolation[ 0]
        Tree index                     ->        4
        PDF index                      ->        1
  State[ 5]
    Length                             ->       14(frames)
    Stream[ 0]
      Interpolation[ 0]
        Tree index                     ->        5
        PDF index                      ->      388
    Stream[ 1]
      MSD flag                         ->    FALSE
      Interpolation[ 0]
        Tree index                     ->        5
        PDF index                      ->      456
    Stream[ 2]
      Interpolation[ 0]
        Tree index                     ->        5
        PDF index                      ->        1
  State[ 6]
    Length                             ->       10(frames)
    Stream[ 0]
      Interpolation[ 0]
        Tree index                     ->        6
        PDF index                      ->       79
    Stream[ 1]
      MSD flag                         ->    FALSE
      Interpolation[ 0]
        Tree index                     ->        6
        PDF index                      ->      670
    Stream[ 2]
      Interpolation[ 0]
        Tree index                     ->        6
        PDF index                      ->        1
HMM[ 6]
  Name                                 -> txh^ii-SIL+x=x@1_0/A:0_0_0/B:0-0-0@1-0&1-1#1-1$1-1!0-0;0-0|0/C:0+0+0/D:0_0/E:0+0@1+0&1+0#0+0/F:0_0/G:0_0/H:0=0^1=1|0/I:0=0/J:3+1-1
  Duration
    Interpolation[ 0]
      Tree index                       ->        2
      PDF index                        ->      201
  State[ 2]
    Length                             ->        5(frames)
    Stream[ 0]
      Interpolation[ 0]
        Tree index                     ->        2
        PDF index                      ->      514
    Stream[ 1]
      MSD flag                         ->    FALSE
      Interpolation[ 0]
        Tree index                     ->        2
        PDF index                      ->      244
    Stream[ 2]
      Interpolation[ 0]
        Tree index                     ->        2
        PDF index                      ->        1
  State[ 3]
    Length                             ->        5(frames)
    Stream[ 0]
      Interpolation[ 0]
        Tree index                     ->        3
        PDF index                      ->      529
    Stream[ 1]
      MSD flag                         ->    FALSE
      Interpolation[ 0]
        Tree index                     ->        3
        PDF index                      ->      884
    Stream[ 2]
      Interpolation[ 0]
        Tree index                     ->        3
        PDF index                      ->        1
  State[ 4]
    Length                             ->        2(frames)
    Stream[ 0]
      Interpolation[ 0]
        Tree index                     ->        4
        PDF index                      ->      483
    Stream[ 1]
      MSD flag                         ->    FALSE
      Interpolation[ 0]
        Tree index                     ->        4
        PDF index                      ->      690
    Stream[ 2]
      Interpolation[ 0]
        Tree index                     ->        4
        PDF index                      ->        1
  State[ 5]
    Length                             ->       15(frames)
    Stream[ 0]
      Interpolation[ 0]
        Tree index                     ->        5
        PDF index                      ->        4
    Stream[ 1]
      MSD flag                         ->    FALSE
      Interpolation[ 0]
        Tree index                     ->        5
        PDF index                      ->      707
    Stream[ 2]
      Interpolation[ 0]
        Tree index                     ->        5
        PDF index                      ->        1
  State[ 6]
    Length                             ->        1(frames)
    Stream[ 0]
      Interpolation[ 0]
        Tree index                     ->        6
        PDF index                      ->        4
    Stream[ 1]
      MSD flag                         ->    FALSE
      Interpolation[ 0]
        Tree index                     ->        6
        PDF index                      ->        1
    Stream[ 2]
      Interpolation[ 0]
        Tree index                     ->        6
        PDF index                      ->        1
