[Global parameter]
Sampring frequency                     ->    48000(Hz)
Frame period                           ->      240(point)
                                           5.00000(msec)
All-pass constant                      ->  0.55000
Gamma                                  ->  0.00000
Postfiltering coefficient              ->  0.00000
Audio buffer size                      ->        0(sample)

[Duration parameter]
Number of states                       ->        5
         Interpolation size            ->        1
         Interpolation weight[ 0]      ->      100(%)

[Stream parameter]
Stream[ 0] vector length               ->       35
           Dynamic window size         ->        3
           Interpolation size          ->        1
           Interpolation weight[ 0]    ->      100(%)
           MSD flag                    ->    FALSE
           GV flag                     ->     TRUE
           GV weight                   ->      100(%)
           GV interpolation size       ->        1
           GV interpolation weight[ 0] ->      100(%)
Stream[ 1] vector length               ->        1
           Dynamic window size         ->        3
           Interpolation size          ->        1
           Interpolation weight[ 0]    ->      100(%)
           MSD flag                    ->     TRUE
           MSD threshold               ->  0.50000
           GV flag                     ->     TRUE
           GV weight                   ->      100(%)
           GV interpolation size       ->        1
           GV interpolation weight[ 0] ->      100(%)
Stream[ 2] vector length               ->       31
           Dynamic window size         ->        1
           Interpolation size          ->        1
           Interpolation weight[ 0]    ->      100(%)
           MSD flag                    ->    FALSE
           GV flag                     ->    FALSE

[Generated sequence]
Number of HMMs                         ->       29
Number of stats                        ->      145
Length of this speech                  ->    2.910(sec)
                                       ->   139680(frames)
HMM[ 0]
  Name                                 -> x^x-SIL+p=u@1_0/A:0_0_0/B:0-0-0@1-0&1-1#1-1$1-1!0-0;0-0|0/C:0+0+0/D:0_0/E:0+0@1+0&1+0#0+0/F:0_0/G:0_0/H:0=0^1=1|0/I:0=0/J:11+6-1
  Duration
    Interpolation[ 0]
      Tree index                       ->        2
      PDF index                        ->        8
  State[ 2]
    Length                             ->        1(frames)
    Stream[ 0]
      Interpolation[ 0]
        Tree index                     ->        2
        PDF index                      ->      377
    Stream[ 1]
      MSD flag                         ->    FALSE
      Interpolation[ 0]
        Tree index                     ->        2
        PDF index                      ->      244
    Stream[ 2]
      Interpolation[ 0]
        Tree index                     ->        2
        PDF index                      ->        1
  State[ 3]
    Length                             ->        1(frames)
    Stream[ 0]
      Interpolation[ 0]
        Tree index                     ->        3
        PDF index                      ->        5
    Stream[ 1]
      MSD flag                         ->    FALSE
      Interpolation[ 0]
        Tree index                     ->        3
        PDF index                      ->      884
    Stream[ 2]
      Interpolation[ 0]
        Tree index                     ->        3
        PDF index                      ->        1
  State[ 4]
    Length                             ->        1(frames)
    Stream[ 0]
      Interpolation[ 0]
        Tree index                     ->        4
        PDF index                      ->        7
    Stream[ 1]
      MSD flag                         ->    FALSE
      Interpolation[ 0]
        Tree index                     ->        4
        PDF index                      ->      690
    Stream[ 2]
      Interpolation[ 0]
        Tree index                     ->        4
        PDF index                      ->        1
  State[ 5]
    Length                             ->       13(frames)
    Stream[ 0]
      Interpolation[ 0]
        Tree index                     ->        5
        PDF index                      ->        3
    Stream[ 1]
      MSD flag                         ->    FALSE
      Interpolation[ 0]
        Tree index                     ->        5
        PDF index                      ->      707
    Stream[ 2]
      Interpolation[ 0]
        Tree index                     ->        5
        PDF index                      ->        1
  State[ 6]
    Length                             ->        2(frames)
    Stream[ 0]
      Interpolation[ 0]
        Tree index                     ->        6
        PDF index                      ->        8
    Stream[ 1]
      MSD flag                         ->    FALSE
      Interpolation[ 0]
        Tree index                     ->        6
        PDF index                      ->        1
    Stream[ 2]
      Interpolation[ 0]
        Tree index                     ->        6
        PDF index                      ->        1
HMM[ 1]
  Name                                 -> x^SIL-p+u=nx@1_2/A:0_0_0/B:0-0-2@1-2&1-11#1-1$1-1!0-0;0-0|0/C:0+0+2/D:0_0/E:content+2@1+6&1+5#0+1/F:content_3/G:0_0/H:11=6^1=1|NONE/I:0=0/J:11+6-1
  Duration
    Interpolation[ 0]
      Tree index                       ->        2
      PDF index                        ->      245
  State[ 2]
    Length                             ->        4(frames)
    Stream[ 0]
      Interpolation[ 0]
        Tree index                     ->        2
        PDF index                      ->      439
    Stream[ 1]
      MSD flag                         ->    FALSE
      Interpolation[ 0]
        Tree index                     ->        2
        PDF index                      ->        1
    Stream[ 2]
      Interpolation[ 0]
        Tree index                     ->        2
        PDF index                      ->        1
  State[ 3]
    Length                             ->        6(frames)
    Stream[ 0]
      Interpolation[ 0]
        Tree index                     ->        3
        PDF index                      ->        4
    Stream[ 1]
      MSD flag                         ->    FALSE
      Interpolation[ 0]
        Tree index                     ->        3
        PDF index                      ->       34
    Stream[ 2]
      Interpolation[ 0]
        Tree index                     ->        3
        PDF index                      ->        1
  State[ 4]
    Length                             ->        1(frames)
    Stream[ 0]
      Interpolation[ 0]
        Tree index                     ->        4
        PDF index                      ->      562
    Stream[ 1]
      MSD flag                         ->    FALSE
      Interpolation[ 0]
        Tree index                     ->        4
        PDF index                      ->     1462
    Stream[ 2]
      Interpolation[ 0]
        Tree index                     ->        4
        PDF index                      ->        1
  State[ 5]
    Length                             ->        1(frames)
    Stream[ 0]
      Interpolation[ 0]
        Tree index                     ->        5
        PDF index                      ->      230
    Stream[ 1]
      MSD flag                         ->    FALSE
      Interpolation[ 0]
        Tree index                     ->        5
        PDF index                      ->      875
    Stream[ 2]
      Interpolation[ 0]
        Tree index                     ->        5
        PDF index                      ->        1
  State[ 6]
    Length                             ->        2(frames)
    Stream[ 0]
      Interpolation[ 0]
        Tree index                     ->        6
        PDF index                      ->      205
    Stream[ 1]
      MSD flag                         ->    FALSE
      Interpolation[ 0]
        Tree index                     ->        6
        PDF index                      ->      754
    Stream[ 2]
      Interpolation[ 0]
        Tree index                     ->        6
        PDF index                      ->        1
HMM[ 2]
  Name                                 -> SIL^p-u+nx=ee@2_1/A:0_0_0/B:0-0-2@1-2&1-11#1-1$1-1!0-0;0-0|0/C:0+0+2/D:0_0/E:content+2@1+6&1+5#0+1/F:content_3/G:0_0/H:11=6^1=1|NONE/I:0=0/J:11+6-1
  Duration
    Interpolation[ 0]
      Tree index                       ->        2
      PDF index                        ->      571
  State[ 2]
    Length                             ->        2(frames)
    Stream[ 0]
      Interpolation[ 0]
        Tree index                     ->        2
        PDF index                      ->      517
    Stream[ 1]
      MSD flag                         ->     TRUE
      Interpolation[ 0]
        Tree index                     ->        2
        PDF index                      ->      645
    Stream[ 2]
      Interpolation[ 0]
        Tree index                     ->        2
        PDF index                      ->        1
  State[ 3]
    Length                             ->        3(frames)
    Stream[ 0]
      Interpolation[ 0]
        Tree index                     ->        3
        PDF index                      ->      269
    Stream[ 1]
      MSD flag                         ->     TRUE
      Interpolation[ 0]
        Tree index                     ->        3
        PDF index                      ->      810
    Stream[ 2]
      Interpolation[ 0]
        Tree index                     ->        3
        PDF index                      ->        1
  State[ 4]
    Length                             ->        4(frames)
    Stream[ 0]
      Interpolation[ 0]
        Tree index                     ->        4
        PDF index                      ->      189
    Stream[ 1]
      MSD flag                         ->     TRUE
      Interpolation[ 0]
        Tree index                     ->        4
        PDF index                      ->      491
    Stream[ 2]
      Interpolation[ 0]
        Tree index                     ->        4
        PDF index                      ->        1
  State[ 5]
    Length                             ->        2(frames)
    Stream[ 0]
      Interpolation[ 0]
        Tree index                     ->        5
        PDF index                      ->      202
    Stream[ 1]
      MSD flag                         ->     TRUE
      Interpolation[ 0]
        Tree index                     ->        5
        PDF index                      ->      773
    Stream[ 2]
      Interpolation[ 0]
        Tree index                     ->        5
        PDF index                      ->        1
  State[ 6]
    Length                             ->        2(frames)
    Stream[ 0]
      Interpolation[ 0]
        Tree index                     ->        6
        PDF index                      ->      214
    Stream[ 1]
      MSD flag                         ->     TRUE
      Interpolation[ 0]
        Tree index                     ->        6
        PDF index                      ->      336
    Stream[ 2]
      Interpolation[ 0]
        Tree index                     ->        6
        PDF index                      ->        1
HMM[ 3]
  Name                                 -> p^u-nx+ee=sh@1_2/A:0_0_2/B:0-0-2@2-1&2-10#1-1$1-1!0-0;0-0|0/C:0+0+3/D:0_0/E:content+2@1+6&1+5#0+1/F:content_3/G:0_0/H:11=6^1=1|NONE/I:0=0/J:11+6-1
  Duration
    Interpolation[ 0]
      Tree index                       ->        2
      PDF index                        ->      490
  State[ 2]
    Length                             ->        2(frames)
    Stream[ 0]
      Interpolation[ 0]
        Tree index                     ->        2
        PDF index                      ->      332
    Stream[ 1]
      MSD flag                         ->     TRUE
      Interpolation[ 0]
        Tree index                     ->        2
        PDF index                      ->      342
    Stream[ 2]
      Interpolation[ 0]
        Tree index                     ->        2
        PDF index                      ->        1
  State[ 3]
    Length                             ->        3(frames)
    Stream[ 0]
      Interpolation[ 0]
        Tree index                     ->        3
        PDF index                      ->      136
    Stream[ 1]
      MSD flag                         ->     TRUE
      Interpolation[ 0]
        Tree index                     ->        3
        PDF index                      ->     1058
    Stream[ 2]
      Interpolation[ 0]
        Tree index                     ->        3
        PDF index                      ->        1
  State[ 4]
    Length                             ->        2(frames)
    Stream[ 0]
      Interpolation[ 0]
        Tree index                     ->        4
        PDF index                      ->       48
    Stream[ 1]
      MSD flag                         ->     TRUE
      Interpolation[ 0]
        Tree index                     ->        4
        PDF index                      ->      143
    Stream[ 2]
      Interpolation[ 0]
        Tree index                     ->        4
        PDF index                      ->        1
  State[ 5]
    Length                             ->        3(frames)
    Stream[ 0]
      Interpolation[ 0]
        Tree index                     ->        5
        PDF index                      ->      158
    Stream[ 1]
      MSD flag                         ->     TRUE
      Interpolation[ 0]
        Tree index                     ->        5
        PDF index                      ->      303
    Stream[ 2]
      Interpolation[ 0]
        Tree index                     ->        5
        PDF index                      ->        1
  State[ 6]
    Length                             ->        2(frames)
    Stream[ 0]
      Interpolation[ 0]
        Tree index                     ->        6
        PDF index                      ->       52
    Stream[ 1]
      MSD flag                         ->     TRUE
      Interpolation[ 0]
        Tree index                     ->        6
        PDF index                      ->      482
    Stream[ 2]
      Interpolation[ 0]
        Tree index                     ->        6
        PDF index                      ->        1
HMM[ 4]
  Name                                 -> u^nx-ee+sh=a@2_1/A:0_0_2/B:0-0-2@2-1&2-10#1-1$1-1!0-0;0-0|0/C:0+0+3/D:0_0/E:content+2@1+6&1+5#0+1/F:content_3/G:0_0/H:11=6^1=1|NONE/I:0=0/J:11+6-1
  Duration
    Interpolation[ 0]
      Tree index                       ->        2
      PDF index                        ->      895
  State[ 2]
    Length                             ->        4(frames)
    Stream[ 0]
      Interpolation[ 0]
        Tree index                     ->        2
        PDF index                      ->      339
    Stream[ 1]
      MSD flag                         ->     TRUE
      Interpolation[ 0]
        Tree index                     ->        2
        PDF index                      ->     1046
    Stream[ 2]
      Interpolation[ 0]
        Tree index                     ->        2
        PDF index                      ->        1
  State[ 3]
    Length                             ->       10(frames)
    Stream[ 0]
      Interpolation[ 0]
        Tree index                     ->        3
        PDF index                      ->      252
    Stream[ 1]
      MSD flag                         ->     TRUE
      Interpolation[ 0]
        Tree index                     ->        3
        PDF index                      ->      414
    Stream[ 2]
      Interpolation[ 0]
        Tree index                     ->        3
        PDF index                      ->        1
  State[ 4]
    Length                             ->        4(frames)
    Stream[ 0]
      Interpolation[ 0]
        Tree index                     ->        4
        PDF index                      ->      322
    Stream[ 1]
      MSD flag                         ->     TRUE
      Interpolation[ 0]
        Tree index                     ->        4
        PDF index                      ->     1408
    Stream[ 2]
      Interpolation[ 0]
        Tree index                     ->        4
        PDF index                      ->        1
  State[ 5]
    Length                             ->        2(frames)
    Stream[ 0]
      Interpolation[ 0]
        Tree index                     ->        5
        PDF index                      ->      478
    Stream[ 1]
      MSD flag                         ->     TRUE
      Interpolation[ 0]
        Tree index                     ->        5
        PDF index                      ->       16
    Stream[ 2]
      Interpolation[ 0]
        Tree index                     ->        5
        PDF index                      ->        1
  State[ 6]
    Length                             ->        6(frames)
    Stream[ 0]
      Interpolation[ 0]
        Tree index                     ->        6
        PDF index                      ->       93
    Stream[ 1]
      MSD flag                         ->     TRUE
      Interpolation[ 0]
        Tree index                     ->        6
        PDF index                      ->      544
    Stream[ 2]
      Interpolation[ 0]
        Tree index                     ->        6
        PDF index                      ->        1
HMM[ 5]
  Name                                 -> nx^ee-sh+a=h@1_3/A:0_0_2/B:0-0-3@1-3&3-9#1-1$1-1!0-0;0-0|0/C:0+0+2/D:content_2/E:content+3@2+5&2+4#1+1/F:content_1/G:0_0/H:11=6^1=1|NONE/I:0=0/J:11+6-1
  Duration
    Interpolation[ 0]
      Tree index                       ->        2
      PDF index                        ->      960
  State[ 2]
    Length                             ->        3(frames)
    Stream[ 0]
      Interpolation[ 0]
        Tree index                     ->        2
        PDF index                      ->      220
    Stream[ 1]
      MSD flag                         ->     TRUE
      Interpolation[ 0]
        Tree index                     ->        2
        PDF index                      ->      615
    Stream[ 2]
      Interpolation[ 0]
        Tree index                     ->        2
        PDF index                      ->        1
  State[ 3]
    Length                             ->        3(frames)
    Stream[ 0]
      Interpolation[ 0]
        Tree index                     ->        3
        PDF index                      ->      327
    Stream[ 1]
      MSD flag                         ->    FALSE
      Interpolation[ 0]
        Tree index                     ->        3
        PDF index                      ->       70
    Stream[ 2]
      Interpolation[ 0]
        Tree index                     ->        3
        PDF index                      ->        1
  State[ 4]
    Length                             ->        4(frames)
    Stream[ 0]
      Interpolation[ 0]
        Tree index                     ->        4
        PDF index                      ->      434
    Stream[ 1]
      MSD flag                         ->    FALSE
      Interpolation[ 0]
        Tree index                     ->        4
        PDF index                      ->       18
    Stream[ 2]
      Interpolation[ 0]
        Tree index                     ->        4
        PDF index                      ->        1
  State[ 5]
    Length                             ->       15(frames)
    Stream[ 0]
      Interpolation[ 0]
        Tree index                     ->        5
        PDF index                      ->      381
    Stream[ 1]
      MSD flag                         ->    FALSE
      Interpolation[ 0]
        Tree index                     ->        5
        PDF index                      ->       15
    Stream[ 2]
      Interpolation[ 0]
        Tree index                     ->        5
        PDF index                      ->        1
  State[ 6]
    Length                             ->        3(frames)
    Stream[ 0]
      Interpolation[ 0]
        Tree index                     ->        6
        PDF index                      ->      298
    Stream[ 1]
      MSD flag                         ->    FALSE
      Interpolation[ 0]
        Tree index                     ->        6
        PDF index                      ->      821
    Stream[ 2]
      Interpolation[ 0]
        Tree index                     ->        6
        PDF index                      ->        1
HMM[ 6]
  Name                                 -> ee^sh-a+h=r@2_2/A:0_0_2/B:0-0-3@1-3&3-9#1-1$1-1!0-0;0-0|0/C:0+0+2/D:content_2/E:content+3@2+5&2+4#1+1/F:content_1/G:0_0/H:11=6^1=1|NONE/I:0=0/J:11+6-1
  Duration
    Interpolation[ 0]
      Tree index                       ->        2
      PDF index                        ->       76
  State[ 2]
    Length                             ->        2(frames)
    Stream[ 0]
      Interpolation[ 0]
        Tree index                     ->        2
        PDF index                      ->      106
    Stream[ 1]
      MSD flag                         ->     TRUE
      Interpolation[ 0]
        Tree index                     ->        2
        PDF index                      ->     1043
    Stream[ 2]
      Interpolation[ 0]
        Tree index                     ->        2
        PDF index                      ->        1
  State[ 3]
    Length                             ->        4(frames)
    Stream[ 0]
      Interpolation[ 0]
        Tree index                     ->        3
        PDF index                      ->       62
    Stream[ 1]
      MSD flag                         ->     TRUE
      Interpolation[ 0]
        Tree index                     ->        3
        PDF index                      ->      579
    Stream[ 2]
      Interpolation[ 0]
        Tree index                     ->        3
        PDF index                      ->        1
  State[ 4]
    Length                             ->        4(frames)
    Stream[ 0]
      Interpolation[ 0]
        Tree index                     ->        4
        PDF index                      ->      214
    Stream[ 1]
      MSD flag                         ->     TRUE
      Interpolation[ 0]
        Tree index                     ->        4
        PDF index                      ->      419
    Stream[ 2]
      Interpolation[ 0]
        Tree index                     ->        4
        PDF index                      ->        1
  State[ 5]
    Length                             ->        4(frames)
    Stream[ 0]
      Interpolation[ 0]
        Tree index                     ->        5
        PDF index                      ->      172
    Stream[ 1]
      MSD flag                         ->     TRUE
      Interpolation[ 0]
        Tree index                     ->        5
        PDF index                      ->     1344
    Stream[ 2]
      Interpolation[ 0]
        Tree index                     ->        5
        PDF index                      ->        1
  State[ 6]
    Length                             ->        2(frames)
    Stream[ 0]
      Interpolation[ 0]
        Tree index                     ->        6
        PDF index                      ->      378
    Stream[ 1]
      MSD flag                         ->     TRUE
      Interpolation[ 0]
        Tree index                     ->        6
        PDF index                      ->      708
    Stream[ 2]
      Interpolation[ 0]
        Tree index                     ->        6
        PDF index                      ->        1
HMM[ 7]
  Name                                 -> sh^a-h+r=aa@3_1/A:0_0_2/B:0-0-3@1-3&3-9#1-1$1-1!0-0;0-0|0/C:0+0+2/D:content_2/E:content+3@2+5&2+4#1+1/F:content_1/G:0_0/H:11=6^1=1|NONE/I:0=0/J:11+6-1
  Duration
    Interpolation[ 0]
      Tree index                       ->        2
      PDF index                        ->      266
  State[ 2]
    Length                             ->        1(frames)
    Stream[ 0]
      Interpolation[ 0]
        Tree index                     ->        2
        PDF index                      ->      644
    Stream[ 1]
      MSD flag                         ->     TRUE
      Interpolation[ 0]
        Tree index                     ->        2
        PDF index                      ->      960
    Stream[ 2]
      Interpolation[ 0]
        Tree index                     ->        2
        PDF index                      ->        1
  State[ 3]
    Length                             ->        2(frames)
    Stream[ 0]
      Interpolation[ 0]
        Tree index                     ->        3
        PDF index                      ->      248
    Stream[ 1]
      MSD flag                         ->     TRUE
      Interpolation[ 0]
        Tree index                     ->        3
        PDF index                      ->      596
    Stream[ 2]
      Interpolation[ 0]
        Tree index                     ->        3
        PDF index                      ->        1
  State[ 4]
    Length                             ->        4(frames)
    Stream[ 0]
      Interpolation[ 0]
        Tree index                     ->        4
        PDF index                      ->       52
    Stream[ 1]
      MSD flag                         ->     TRUE
      Interpolation[ 0]
        Tree index                     ->        4
        PDF index                      ->       96
    Stream[ 2]
      Interpolation[ 0]
        Tree index                     ->        4
        PDF index                      ->        1
  State[ 5]
    Length                             ->        1(frames)
    Stream[ 0]
      Interpolation[ 0]
        Tree index                     ->        5
        PDF index                      ->       58
    Stream[ 1]
      MSD flag                         ->     TRUE
      Interpolation[ 0]
        Tree index                     ->        5
        PDF index                      ->      119
    Stream[ 2]
      Interpolation[ 0]
        Tree index                     ->        5
        PDF index                      ->        1
  State[ 6]
    Length                             ->       10(frames)
    Stream[ 0]
      Interpolation[ 0]
        Tree index                     ->        6
        PDF index                      ->      141
    Stream[ 1]
      MSD flag                         ->     TRUE
      Interpolation[ 0]
        Tree index                     ->        6
        PDF index                      ->      823
    Stream[ 2]
      Interpolation[ 0]
        Tree index                     ->        6
        PDF index                      ->        1
HMM[ 8]
  Name                                 -> a^h-r+aa=t@1_2/A:0_0_3/B:0-0-2@2-2&4-8#1-1$1-1!0-0;0-0|0/C:0+0+3/D:content_2/E:content+3@2+5&2+4#1+1/F:content_1/G:0_0/H:11=6^1=1|NONE/I:0=0/J:11+6-1
  Duration
    Interpolation[ 0]
      Tree index                       ->        2
      PDF index                        ->      716
  State[ 2]
    Length                             ->        2(frames)
    Stream[ 0]
      Interpolation[ 0]
        Tree index                     ->        2
        PDF index                      ->      153
    Stream[ 1]
      MSD flag                         ->     TRUE
      Interpolation[ 0]
        Tree index                     ->        2
        PDF index                      ->      128
    Stream[ 2]
      Interpolation[ 0]
        Tree index                     ->        2
        PDF index                      ->        1
  State[ 3]
    Length                             ->        2(frames)
    Stream[ 0]
      Interpolation[ 0]
        Tree index                     ->        3
        PDF index                      ->      330
    Stream[ 1]
      MSD flag                         ->     TRUE
      Interpolation[ 0]
        Tree index                     ->        3
        PDF index                      ->      311
    Stream[ 2]
      Interpolation[ 0]
        Tree index                     ->        3
        PDF index                      ->        1
  State[ 4]
    Length                             ->        4(frames)
    Stream[ 0]
      Interpolation[ 0]
        Tree index                     ->        4
        PDF index                      ->      465
    Stream[ 1]
      MSD flag                         ->     TRUE
      Interpolation[ 0]
        Tree index                     ->        4
        PDF index                      ->      926
    Stream[ 2]
      Interpolation[ 0]
        Tree index                     ->        4
        PDF index                      ->        1
  State[ 5]
    Length                             ->        2(frames)
    Stream[ 0]
      Interpolation[ 0]
        Tree index                     ->        5
        PDF index                      ->      358
    Stream[ 1]
      MSD flag                         ->     TRUE
      Interpolation[ 0]
        Tree index                     ->        5
        PDF index                      ->      368
    Stream[ 2]
      Interpolation[ 0]
        Tree index                     ->        5
        PDF index                      ->        1
  State[ 6]
    Length                             ->        3(frames)
    Stream[ 0]
      Interpolation[ 0]
        Tree index                     ->        6
        PDF index                      ->      132
    Stream[ 1]
      MSD flag                         ->     TRUE
      Interpolation[ 0]
        Tree index                     ->        6
        PDF index                      ->      891
    Stream[ 2]
      Interpolation[ 0]
        Tree index                     ->        6
        PDF index                      ->        1
HMM[ 9]
  Name                                 -> h^r-aa+t=ii@2_1/A:0_0_3/B:0-0-2@2-2&4-8#1-1$1-1!0-0;0-0|0/C:0+0+3/D:content_2/E:content+3@2+5&2+4#1+1/F:content_1/G:0_0/H:11=6^1=1|NONE/I:0=0/J:11+6-1
  Duration
    Interpolation[ 0]
      Tree index                       ->        2
      PDF index                        ->      300
  State[ 2]
    Length                             ->        4(frames)
    Stream[ 0]
      Interpolation[ 0]
        Tree index                     ->        2
        PDF index                      ->      218
    Stream[ 1]
      MSD flag                         ->     TRUE
      Interpolation[ 0]
        Tree index                     ->        2
        PDF index                      ->      713
    Stream[ 2]
      Interpolation[ 0]
        Tree index                     ->        2
        PDF index                      ->        1
  State[ 3]
    Length                             ->        5(frames)
    Stream[ 0]
      Interpolation[ 0]
        Tree index                     ->        3
        PDF index                      ->      400
    Stream[ 1]
      MSD flag                         ->     TRUE
      Interpolation[ 0]
        Tree index                     ->        3
        PDF index                      ->     1259
    Stream[ 2]
      Interpolation[ 0]
        Tree index                     ->        3
        PDF index                      ->        1
  State[ 4]
    Length                             ->        5(frames)
    Stream[ 0]
      Interpolation[ 0]
        Tree index                     ->        4
        PDF index                      ->      179
    Stream[ 1]
      MSD flag                         ->     TRUE
      Interpolation[ 0]
        Tree index                     ->        4
        PDF index                      ->      965
    Stream[ 2]
      Interpolation[ 0]
        Tree index                     ->        4
        PDF index                      ->        1
  State[ 5]
    Length                             ->        3(frames)
    Stream[ 0]
      Interpolation[ 0]
        Tree index                     ->        5
        PDF index                      ->      123
    Stream[ 1]
      MSD flag                         ->     TRUE
      Interpolation[ 0]
        Tree index                     ->        5
        PDF index                      ->      352
    Stream[ 2]
      Interpolation[ 0]
        Tree index                     ->        5
        PDF index                      ->        1
  State[ 6]
    Length                             ->        3(frames)
    Stream[ 0]
      Interpolation[ 0]
        Tree index                     ->        6
        PDF index                      ->      354
    Stream[ 1]
      MSD flag                         ->     TRUE
      Interpolation[ 0]
        Tree index                     ->        6
        PDF index                      ->      174
    Stream[ 2]
      Interpolation[ 0]
        Tree index                     ->        6
        PDF index                      ->        1
HMM[10]
  Name                                 -> r^aa-t+ii=l@1_3/A:0_0_2/B:0-0-3@3-1&5-7#1-1$1-1!0-0;0-0|0/C:0+0+2/D:content_2/E:content+3@2+5&2+4#1+1/F:content_1/G:0_0/H:11=6^1=1|NONE/I:0=0/J:11+6-1
  Duration
    Interpolation[ 0]
      Tree index                       ->        2
      PDF index                        ->      702
  State[ 2]
    Length                             ->        5(frames)
    Stream[ 0]
      Interpolation[ 0]
        Tree index                     ->        2
        PDF index                      ->      512
    Stream[ 1]
      MSD flag                         ->     TRUE
      Interpolation[ 0]
        Tree index                     ->        2
        PDF index                      ->      980
    Stream[ 2]
      Interpolation[ 0]
        Tree index                     ->        2
        PDF index                      ->        1
  State[ 3]
    Length                             ->        5(frames)
    Stream[ 0]
      Interpolation[ 0]
        Tree index                     ->        3
        PDF index                      ->       74
    Stream[ 1]
      MSD flag                         ->    FALSE
      Interpolation[ 0]
        Tree index                     ->        3
        PDF index                      ->     1319
    Stream[ 2]
      Interpolation[ 0]
        Tree index                     ->        3
        PDF index                      ->        1
  State[ 4]
    Length                             ->        3(frames)
    Stream[ 0]
      Interpolation[ 0]
        Tree index                     ->        4
        PDF index                      ->      495
    Stream[ 1]
      MSD flag                         ->    FALSE
      Interpolation[ 0]
        Tree index                     ->        4
        PDF index                      ->     1462
    Stream[ 2]
      Interpolation[ 0]
        Tree index                     ->        4
        PDF index                      ->        1
  State[ 5]
    Length                             ->        2(frames)
    Stream[ 0]
      Interpolation[ 0]
        Tree index                     ->        5
        PDF index                      ->      379
    Stream[ 1]
      MSD flag                         ->    FALSE
      Interpolation[ 0]
        Tree index                     ->        5
        PDF index                      ->      876
    Stream[ 2]
      Interpolation[ 0]
        Tree index                     ->        5
        PDF index                      ->        1
  State[ 6]
    Length                             ->        3(frames)
    Stream[ 0]
      Interpolation[ 0]
        Tree index                     ->        6
        PDF index                      ->       96
    Stream[ 1]
      MSD flag                         ->    FALSE
      Interpolation[ 0]
        Tree index                     ->        6
        PDF index                      ->      820
    Stream[ 2]
      Interpolation[ 0]
        Tree index                     ->        6
        PDF index                      ->        1
HMM[11]
  Name                                 -> aa^t-ii+l=ee@2_2/A:0_0_2/B:0-0-3@3-1&5-7#1-1$1-1!0-0;0-0|0/C:0+0+2/D:content_2/E:content+3@2+5&2+4#1+1/F:content_1/G:0_0/H:11=6^1=1|NONE/I:0=0/J:11+6-1
  Duration
    Interpolation[ 0]
      Tree index                       ->        2
      PDF index                        ->      605
  State[ 2]
    Length                             ->        4(frames)
    Stream[ 0]
      Interpolation[ 0]
        Tree index                     ->        2
        PDF index                      ->      626
    Stream[ 1]
      MSD flag                         ->     TRUE
      Interpolation[ 0]
        Tree index                     ->        2
        PDF index                      ->      131
    Stream[ 2]
      Interpolation[ 0]
        Tree index                     ->        2
        PDF index                      ->        1
  State[ 3]
    Length                             ->        7(frames)
    Stream[ 0]
      Interpolation[ 0]
        Tree index                     ->        3
        PDF index                      ->      459
    Stream[ 1]
      MSD flag                         ->     TRUE
      Interpolation[ 0]
        Tree index                     ->        3
        PDF index                      ->      546
    Stream[ 2]
      Interpolation[ 0]
        Tree index                     ->        3
        PDF index                      ->        1
  State[ 4]
    Length                             ->        2(frames)
    Stream[ 0]
      Interpolation[ 0]
        Tree index                     ->        4
        PDF index                      ->      123
    Stream[ 1]
      MSD flag                         ->     TRUE
      Interpolation[ 0]
        Tree index                     ->        4
        PDF index                      ->     1334
    Stream[ 2]
      Interpolation[ 0]
        Tree index                     ->        4
        PDF index                      ->        1
  State[ 5]
    Length                             ->        1(frames)
    Stream[ 0]
      Interpolation[ 0]
        Tree index                     ->        5
        PDF index                      ->      433
    Stream[ 1]
      MSD flag                         ->     TRUE
      Interpolation[ 0]
        Tree index                     ->        5
        PDF index                      ->       96
    Stream[ 2]
      Interpolation[ 0]
        Tree index                     ->        5
        PDF index                      ->        1
  State[ 6]
    Length                             ->        2(frames)
    Stream[ 0]
      Interpolation[ 0]
        Tree index                     ->        6
        PDF index                      ->      491
    Stream[ 1]
      MSD flag                         ->     TRUE
      Interpolation[ 0]
        Tree index                     ->        6
        PDF index                      ->      463
    Stream[ 2]
      Interpolation[ 0]
        Tree index                     ->        6
        PDF index                      ->        1
HMM[12]
  Name                                 -> t^ii-l+ee=k@3_1/A:0_0_2/B:0-0-3@3-1&5-7#1-1$1-1!0-0;0-0|0/C:0+0+2/D:content_2/E:content+3@2+5&2+4#1+1/F:content_1/G:0_0/H:11=6^1=1|NONE/I:0=0/J:11+6-1
  Duration
    Interpolation[ 0]
      Tree index                       ->        2
      PDF index                        ->      764
  State[ 2]
    Length                             ->        2(frames)
    Stream[ 0]
      Interpolation[ 0]
        Tree index                     ->        2
        PDF index                      ->      346
    Stream[ 1]
      MSD flag                         ->     TRUE
      Interpolation[ 0]
        Tree index                     ->        2
        PDF index                      ->      330
    Stream[ 2]
      Interpolation[ 0]
        Tree index                     ->        2
        PDF index                      ->        1
  State[ 3]
    Length                             ->        2(frames)
    Stream[ 0]
      Interpolation[ 0]
        Tree index                     ->        3
        PDF index                      ->      258
    Stream[ 1]
      MSD flag                         ->     TRUE
      Interpolation[ 0]
        Tree index                     ->        3
        PDF index                      ->       22
    Stream[ 2]
      Interpolation[ 0]
        Tree index                     ->        3
        PDF index                      ->        1
  State[ 4]
    Length                             ->        6(frames)
    Stream[ 0]
      Interpolation[ 0]
        Tree index                     ->        4
        PDF index                      ->       68
    Stream[ 1]
      MSD flag                         ->     TRUE
      Interpolation[ 0]
        Tree index                     ->        4
        PDF index                      ->     1717
    Stream[ 2]
      Interpolation[ 0]
        Tree index                     ->        4
        PDF index                      ->        1
  State[ 5]
    Length                             ->        3(frames)
    Stream[ 0]
      Interpolation[ 0]
        Tree index                     ->        5
        PDF index                      ->      419
    Stream[ 1]
      MSD flag                         ->     TRUE
      Interpolation[ 0]
        Tree index                     ->        5
        PDF index                      ->      589
    Stream[ 2]
      Interpolation[ 0]
        Tree index                     ->        5
        PDF index                      ->        1
  State[ 6]
    Length                             ->       13(frames)
    Stream[ 0]
      Interpolation[ 0]
        Tree index                     ->        6
        PDF index                      ->       40
    Stream[ 1]
      MSD flag                         ->    FALSE
      Interpolation[ 0]
        Tree index                     ->        6
        PDF index                      ->      752
    Stream[ 2]
      Interpolation[ 0]
        Tree index                     ->        6
        PDF index                      ->        1
HMM[13]
  Name                                 -> ii^l-ee+k=m@1_2/A:0_0_3/B:0-0-2@1-1&6-6#1-1$1-1!0-0;0-0|0/C:0+0+3/D:content_3/E:content+1@3+4&3+3#1+1/F:content_1/G:0_0/H:11=6^1=1|NONE/I:0=0/J:11+6-1
  Duration
    Interpolation[ 0]
      Tree index                       ->        2
      PDF index                        ->       66
  State[ 2]
    Length                             ->       10(frames)
    Stream[ 0]
      Interpolation[ 0]
        Tree index                     ->        2
        PDF index                      ->      330
    Stream[ 1]
      MSD flag                         ->    FALSE
      Interpolation[ 0]
        Tree index                     ->        2
        PDF index                      ->      583
    Stream[ 2]
      Interpolation[ 0]
        Tree index                     ->        2
        PDF index                      ->        1
  State[ 3]
    Length                             ->       11(frames)
    Stream[ 0]
      Interpolation[ 0]
        Tree index                     ->        3
        PDF index                      ->      340
    Stream[ 1]
      MSD flag                         ->     TRUE
      Interpolation[ 0]
        Tree index                     ->        3
        PDF index                      ->     1416
    Stream[ 2]
      Interpolation[ 0]
        Tree index                     ->        3
        PDF index                      ->        1
  State[ 4]
    Length                             ->        5(frames)
    Stream[ 0]
      Interpolation[ 0]
        Tree index                     ->        4
        PDF index                      ->      169
    Stream[ 1]
      MSD flag                         ->     TRUE
      Interpolation[ 0]
        Tree index                     ->        4
        PDF index                      ->      817
    Stream[ 2]
      Interpolation[ 0]
        Tree index                     ->        4
        PDF index                      ->        1
  State[ 5]
    Length                             ->        3(frames)
    Stream[ 0]
      Interpolation[ 0]
        Tree index                     ->        5
        PDF index                      ->       25
    Stream[ 1]
      MSD flag                         ->     TRUE
      Interpolation[ 0]
        Tree index                     ->        5
        PDF index                      ->      227
    Stream[ 2]
      Interpolation[ 0]
        Tree index                     ->        5
        PDF index                      ->        1
  State[ 6]
    Length                             ->        3(frames)
    Stream[ 0]
      Interpolation[ 0]
        Tree index                     ->        6
        PDF index                      ->      343
    Stream[ 1]
      MSD flag                         ->    FALSE
      Interpolation[ 0]
        Tree index                     ->        6
        PDF index                      ->      893
    Stream[ 2]
      Interpolation[ 0]
        Tree index                     ->        6
        PDF index                      ->        1
HMM[14]
  Name                                 -> l^ee-k+m=a@2_1/A:0_0_3/B:0-0-2@1-1&6-6#1-1$1-1!0-0;0-0|0/C:0+0+3/D:content_3/E:content+1@3+4&3+3#1+1/F:content_1/G:0_0/H:11=6^1=1|NONE/I:0=0/J:11+6-1
  Duration
    Interpolation[ 0]
      Tree index                       ->        2
      PDF index                        ->      665
  State[ 2]
    Length                             ->        2(frames)
    Stream[ 0]
      Interpolation[ 0]
        Tree index                     ->        2
        PDF index                      ->      612
    Stream[ 1]
      MSD flag                         ->    FALSE
      Interpolation[ 0]
        Tree index                     ->        2
        PDF index                      ->      401
    Stream[ 2]
      Interpolation[ 0]
        Tree index                     ->        2
        PDF index                      ->        1
  State[ 3]
    Length                             ->        5(frames)
    Stream[ 0]
      Interpolation[ 0]
        Tree index                     ->        3
        PDF index                      ->      494
    Stream[ 1]
      MSD flag                         ->    FALSE
      Interpolation[ 0]
        Tree index                     ->        3
        PDF index                      ->     1473
    Stream[ 2]
      Interpolation[ 0]
        Tree index                     ->        3
        PDF index                      ->        1
  State[ 4]
    Length                             ->        1(frames)
    Stream[ 0]
      Interpolation[ 0]
        Tree index                     ->        4
        PDF index                      ->       43
    Stream[ 1]
      MSD flag                         ->    FALSE
      Interpolation[ 0]
        Tree index                     ->        4
        PDF index                      ->     1461
    Stream[ 2]
      Interpolation[ 0]
        Tree index                     ->        4
        PDF index                      ->        1
  State[ 5]
    Length                             ->        1(frames)
    Stream[ 0]
      Interpolation[ 0]
        Tree index                     ->        5
        PDF index                      ->      450
    Stream[ 1]
      MSD flag                         ->    FALSE
      Interpolation[ 0]
        Tree index                     ->        5
        PDF index                      ->      875
    Stream[ 2]
      Interpolation[ 0]
        Tree index                     ->        5
        PDF index                      ->        1
  State[ 6]
    Length                             ->        4(frames)
    Stream[ 0]
      Interpolation[ 0]
        Tree index                     ->        6
        PDF index                      ->      226
    Stream[ 1]
      MSD flag                         ->    FALSE
      Interpolation[ 0]
        Tree index                     ->        6
        PDF index                      ->       20
    Stream[ 2]
      Interpolation[ 0]
        Tree index                     ->        6
        PDF index                      ->        1
HMM[15]
  Name                                 -> ee^k-m+a=dh@1_3/A:0_0_2/B:0-0-3@1-1&7-5#1-1$1-1!0-0;0-0|0/C:0+0+3/D:content_1/E:content+1@4+3&4+2#1+1/F:content_2/G:0_0/H:11=6^1=1|NONE/I:0=0/J:11+6-1
  Duration
    Interpolation[ 0]
      Tree index                       ->        2
      PDF index                        ->      371
  State[ 2]
    Length                             ->        4(frames)
    Stream[ 0]
      Interpolation[ 0]
        Tree index                     ->        2
        PDF index                      ->       92
    Stream[ 1]
      MSD flag                         ->     TRUE
      Interpolation[ 0]
        Tree index                     ->        2
        PDF index                      ->      362
    Stream[ 2]
      Interpolation[ 0]
        Tree index                     ->        2
        PDF index                      ->        1
  State[ 3]
    Length                             ->        3(frames)
    Stream[ 0]
      Interpolation[ 0]
        Tree index                     ->        3
        PDF index                      ->      506
    Stream[ 1]
      MSD flag                         ->     TRUE
      Interpolation[ 0]
        Tree index                     ->        3
        PDF index                      ->     1727
    Stream[ 2]
      Interpolation[ 0]
        Tree index                     ->        3
        PDF index                      ->        1
  State[ 4]
    Length                             ->        4(frames)
    Stream[ 0]
      Interpolation[ 0]
        Tree index                     ->        4
        PDF index                      ->      130
    Stream[ 1]
      MSD flag                         ->     TRUE
      Interpolation[ 0]
        Tree index                     ->        4
        PDF index                      ->      580
    Stream[ 2]
      Interpolation[ 0]
        Tree index                     ->        4
        PDF index                      ->        1
  State[ 5]
    Length                             ->        5(frames)
    Stream[ 0]
      Interpolation[ 0]
        Tree index                     ->        5
        PDF index                      ->      257
    Stream[ 1]
      MSD flag                         ->     TRUE
      Interpolation[ 0]
        Tree index                     ->        5
        PDF index                      ->     1019
    Stream[ 2]
      Interpolation[ 0]
        Tree index                     ->        5
        PDF index                      ->        1
  State[ 6]
    Length                             ->        3(frames)
    Stream[ 0]
      Interpolation[ 0]
        Tree index                     ->        6
        PDF index                      ->      356
    Stream[ 1]
      MSD flag                         ->     TRUE
      Interpolation[ 0]
        Tree index                     ->        6
        PDF index                      ->     1007
    Stream[ 2]
      Interpolation[ 0]
        Tree index                     ->        6
        PDF index                      ->        1
HMM[16]
  Name                                 -> k^m-a+dh=y@2_2/A:0_0_2/B:0-0-3@1-1&7-5#1-1$1-1!0-0;0-0|0/C:0+0+3/D:content_1/E:content+1@4+3&4+2#1+1/F:content_2/G:0_0/H:11=6^1=1|NONE/I:0=0/J:11+6-1
  Duration
    Interpolation[ 0]
      Tree index                       ->        2
      PDF index                        ->      794
  State[ 2]
    Length                             ->        2(frames)
    Stream[ 0]
      Interpolation[ 0]
        Tree index                     ->        2
        PDF index                      ->      283
    Stream[ 1]
      MSD flag                         ->     TRUE
      Interpolation[ 0]
        Tree index                     ->        2
        PDF index                      ->      950
    Stream[ 2]
      Interpolation[ 0]
        Tree index                     ->        2
        PDF index                      ->        1
  State[ 3]
    Length                             ->        3(frames)
    Stream[ 0]
      Interpolation[ 0]
        Tree index                     ->        3
        PDF index                      ->      533
    Stream[ 1]
      MSD flag                         ->     TRUE
      Interpolation[ 0]
        Tree index                     ->        3
        PDF index                      ->       43
    Stream[ 2]
      Interpolation[ 0]
        Tree index                     ->        3
        PDF index                      ->        1
  State[ 4]
    Length                             ->        5(frames)
    Stream[ 0]
      Interpolation[ 0]
        Tree index                     ->        4
        PDF index                      ->       97
    Stream[ 1]
      MSD flag                         ->     TRUE
      Interpolation[ 0]
        Tree index                     ->        4
        PDF index                      ->     1381
    Stream[ 2]
      Interpolation[ 0]
        Tree index                     ->        4
        PDF index                      ->        1
  State[ 5]
    Length                             ->        3(frames)
    Stream[ 0]
      Interpolation[ 0]
        Tree index                     ->        5
        PDF index                      ->      148
    Stream[ 1]
      MSD flag                         ->     TRUE
      Interpolation[ 0]
        Tree index                     ->        5
        PDF index                      ->     1269
    Stream[ 2]
      Interpolation[ 0]
        Tree index                     ->        5
        PDF index                      ->        1
  State[ 6]
    Length                             ->        2(frames)
    Stream[ 0]
      Interpolation[ 0]
        Tree index                     ->        6
        PDF index                      ->      437
    Stream[ 1]
      MSD flag                         ->     TRUE
      Interpolation[ 0]
        Tree index                     ->        6
        PDF index                      ->      502
    Stream[ 2]
      Interpolation[ 0]
        Tree index                     ->        6
        PDF index                      ->        1
HMM[17]
  Name                                 -> m^a-dh+y=a@3_1/A:0_0_2/B:0-0-3@1-1&7-5#1-1$1-1!0-0;0-0|0/C:0+0+3/D:content_1/E:content+1@4+3&4+2#1+1/F:content_2/G:0_0/H:11=6^1=1|NONE/I:0=0/J:11+6-1
  Duration
    Interpolation[ 0]
      Tree index                       ->        2
      PDF index                        ->      169
  State[ 2]
    Length                             ->        2(frames)
    Stream[ 0]
      Interpolation[ 0]
        Tree index                     ->        2
        PDF index                      ->      321
    Stream[ 1]
      MSD flag                         ->     TRUE
      Interpolation[ 0]
        Tree index                     ->        2
        PDF index                      ->      282
    Stream[ 2]
      Interpolation[ 0]
        Tree index                     ->        2
        PDF index                      ->        1
  State[ 3]
    Length                             ->        4(frames)
    Stream[ 0]
      Interpolation[ 0]
        Tree index                     ->        3
        PDF index                      ->      286
    Stream[ 1]
      MSD flag                         ->     TRUE
      Interpolation[ 0]
        Tree index                     ->        3
        PDF index                      ->      965
    Stream[ 2]
      Interpolation[ 0]
        Tree index                     ->        3
        PDF index                      ->        1
  State[ 4]
    Length                             ->        8(frames)
    Stream[ 0]
      Interpolation[ 0]
        Tree index                     ->        4
        PDF index                      ->       86
    Stream[ 1]
      MSD flag                         ->     TRUE
      Interpolation[ 0]
        Tree index                     ->        4
        PDF index                      ->      220
    Stream[ 2]
      Interpolation[ 0]
        Tree index                     ->        4
        PDF index                      ->        1
  State[ 5]
    Length                             ->        3(frames)
    Stream[ 0]
      Interpolation[ 0]
        Tree index                     ->        5
        PDF index                      ->       96
    Stream[ 1]
      MSD flag                         ->    FALSE
      Interpolation[ 0]
        Tree index                     ->        5
        PDF index                      ->      357
    Stream[ 2]
      Interpolation[ 0]
        Tree index                     ->        5
        PDF index                      ->        1
  State[ 6]
    Length                             ->        5(frames)
    Stream[ 0]
      Interpolation[ 0]
        Tree index                     ->        6
        PDF index                      ->      531
    Stream[ 1]
      MSD flag                         ->     TRUE
      Interpolation[ 0]
        Tree index                     ->        6
        PDF index                      ->      702
    Stream[ 2]
      Interpolation[ 0]
        Tree index                     ->        6
        PDF index                      ->        1
HMM[18]
  Name                                 -> a^dh-y+a=w@1_3/A:0_0_3/B:0-0-3@1-2&8-4#1-1$1-1!0-0;0-0|0/C:0+0+2/D:content_1/E:content+2@5+2&5+1#1+1/F:content_2/G:0_0/H:11=6^1=1|NONE/I:0=0/J:11+6-1
  Duration
    Interpolation[ 0]
      Tree index                       ->        2
      PDF index                        ->      359
  State[ 2]
    Length                             ->        4(frames)
    Stream[ 0]
      Interpolation[ 0]
        Tree index                     ->        2
        PDF index                      ->      633
    Stream[ 1]
      MSD flag                         ->     TRUE
      Interpolation[ 0]
        Tree index                     ->        2
        PDF index                      ->       10
    Stream[ 2]
      Interpolation[ 0]
        Tree index                     ->        2
        PDF index                      ->        1
  State[ 3]
    Length                             ->        2(frames)
    Stream[ 0]
      Interpolation[ 0]
        Tree index                     ->        3
        PDF index                      ->      306
    Stream[ 1]
      MSD flag                         ->     TRUE
      Interpolation[ 0]
        Tree index                     ->        3
        PDF index                      ->      685
    Stream[ 2]
      Interpolation[ 0]
        Tree index                     ->        3
        PDF index                      ->        1
  State[ 4]
    Length                             ->        9(frames)
    Stream[ 0]
      Interpolation[ 0]
        Tree index                     ->        4
        PDF index                      ->      438
    Stream[ 1]
      MSD flag                         ->     TRUE
      Interpolation[ 0]
        Tree index                     ->        4
        PDF index                      ->     1097
    Stream[ 2]
      Interpolation[ 0]
        Tree index                     ->        4
        PDF index                      ->        1
  State[ 5]
    Length                             ->        2(frames)
    Stream[ 0]
      Interpolation[ 0]
        Tree index                     ->        5
        PDF index                      ->      147
    Stream[ 1]
      MSD flag                         ->     TRUE
      Interpolation[ 0]
        Tree index                     ->        5
        PDF index                      ->      244
    Stream[ 2]
      Interpolation[ 0]
        Tree index                     ->        5
        PDF index                      ->        1
  State[ 6]
    Length                             ->        1(frames)
    Stream[ 0]
      Interpolation[ 0]
        Tree index                     ->        6
        PDF index                      ->      222
    Stream[ 1]
      MSD flag                         ->     TRUE
      Interpolation[ 0]
        Tree index                     ->        6
        PDF index                      ->      110
    Stream[ 2]
      Interpolation[ 0]
        Tree index                     ->        6
        PDF index                      ->        1
HMM[19]
  Name                                 -> dh^y-a+w=t@2_2/A:0_0_3/B:0-0-3@1-2&8-4#1-1$1-1!0-0;0-0|0/C:0+0+2/D:content_1/E:content+2@5+2&5+1#1+1/F:content_2/G:0_0/H:11=6^1=1|NONE/I:0=0/J:11+6-1
  Duration
    Interpolation[ 0]
      Tree index                       ->        2
      PDF index                        ->      730
  State[ 2]
    Length                             ->        2(frames)
    Stream[ 0]
      Interpolation[ 0]
        Tree index                     ->        2
        PDF index                      ->       85
    Stream[ 1]
      MSD flag                         ->     TRUE
      Interpolation[ 0]
        Tree index                     ->        2
        PDF index                      ->      465
    Stream[ 2]
      Interpolation[ 0]
        Tree index                     ->        2
        PDF index                      ->        1
  State[ 3]
    Length                             ->        2(frames)
    Stream[ 0]
      Interpolation[ 0]
        Tree index                     ->        3
        PDF index                      ->       89
    Stream[ 1]
      MSD flag                         ->     TRUE
      Interpolation[ 0]
        Tree index                     ->        3
        PDF index                      ->      538
    Stream[ 2]
      Interpolation[ 0]
        Tree index                     ->        3
        PDF index                      ->        1
  State[ 4]
    Length                             ->        3(frames)
    Stream[ 0]
      Interpolation[ 0]
        Tree index                     ->        4
        PDF index                      ->      340
    Stream[ 1]
      MSD flag                         ->     TRUE
      Interpolation[ 0]
        Tree index                     ->        4
        PDF index                      ->     1629
    Stream[ 2]
      Interpolation[ 0]
        Tree index                     ->        4
        PDF index                      ->        1
  State[ 5]
    Length                             ->        2(frames)
    Stream[ 0]
      Interpolation[ 0]
        Tree index                     ->        5
        PDF index                      ->      372
    Stream[ 1]
      MSD flag                         ->     TRUE
      Interpolation[ 0]
        Tree index                     ->        5
        PDF index                      ->       68
    Stream[ 2]
      Interpolation[ 0]
        Tree index                     ->        5
        PDF index                      ->        1
  State[ 6]
    Length                             ->        1(frames)
    Stream[ 0]
      Interpolation[ 0]
        Tree index                     ->        6
        PDF index                      ->      496
    Stream[ 1]
      MSD flag                         ->     TRUE
      Interpolation[ 0]
        Tree index                     ->        6
        PDF index                      ->      562
    Stream[ 2]
      Interpolation[ 0]
        Tree index                     ->        6
        PDF index                      ->        1
HMM[20]
  Name                                 -> y^a-w+t=ii@3_1/A:0_0_3/B:0-0-3@1-2&8-4#1-1$1-1!0-0;0-0|0/C:0+0+2/D:content_1/E:content+2@5+2&5+1#1+1/F:content_2/G:0_0/H:11=6^1=1|NONE/I:0=0/J:11+6-1
  Duration
    Interpolation[ 0]
      Tree index                       ->        2
      PDF index                        ->     1085
  State[ 2]
    Length                             ->        3(frames)
    Stream[ 0]
      Interpolation[ 0]
        Tree index                     ->        2
        PDF index                      ->       18
    Stream[ 1]
      MSD flag                         ->     TRUE
      Interpolation[ 0]
        Tree index                     ->        2
        PDF index                      ->      308
    Stream[ 2]
      Interpolation[ 0]
        Tree index                     ->        2
        PDF index                      ->        1
  State[ 3]
    Length                             ->        2(frames)
    Stream[ 0]
      Interpolation[ 0]
        Tree index                     ->        3
        PDF index                      ->       26
    Stream[ 1]
      MSD flag                         ->     TRUE
      Interpolation[ 0]
        Tree index                     ->        3
        PDF index                      ->       62
    Stream[ 2]
      Interpolation[ 0]
        Tree index                     ->        3
        PDF index                      ->        1
  State[ 4]
    Length                             ->        2(frames)
    Stream[ 0]
      Interpolation[ 0]
        Tree index                     ->        4
        PDF index                      ->      516
    Stream[ 1]
      MSD flag                         ->     TRUE
      Interpolation[ 0]
        Tree index                     ->        4
        PDF index                      ->     1273
    Stream[ 2]
      Interpolation[ 0]
        Tree index                     ->        4
        PDF index                      ->        1
  State[ 5]
    Length                             ->        3(frames)
    Stream[ 0]
      Interpolation[ 0]
        Tree index                     ->        5
        PDF index                      ->      482
    Stream[ 1]
      MSD flag                         ->     TRUE
      Interpolation[ 0]
        Tree index                     ->        5
        PDF index                      ->      991
    Stream[ 2]
      Interpolation[ 0]
        Tree index                     ->        5
        PDF index                      ->        1
  State[ 6]
    Length                             ->        3(frames)
    Stream[ 0]
      Interpolation[ 0]
        Tree index                     ->        6
        PDF index                      ->      321
    Stream[ 1]
      MSD flag                         ->     TRUE
      Interpolation[ 0]
        Tree index                     ->        6
        PDF index                      ->      779
    Stream[ 2]
      Interpolation[ 0]
        Tree index                     ->        6
        PDF index                      ->        1
HMM[21]
  Name                                 -> a^w-t+ii=txh@1_2/A:0_0_3/B:0-0-2@2-1&9-3#1-1$1-1!0-0;0-0|0/C:0+0+2/D:content_1/E:content+2@5+2&5+1#1+1/F:content_2/G:0_0/H:11=6^1=1|NONE/I:0=0/J:11+6-1
  Duration
    Interpolation[ 0]
      Tree index                       ->        2
      PDF index                        ->      702
  State[ 2]
    Length                             ->        5(frames)
    Stream[ 0]
      Interpolation[ 0]
        Tree index                     ->        2
        PDF index                      ->      457
    Stream[ 1]
      MSD flag                         ->     TRUE
      Interpolation[ 0]
        Tree index                     ->        2
        PDF index                      ->       27
    Stream[ 2]
      Interpolation[ 0]
        Tree index                     ->        2
        PDF index                      ->        1
  State[ 3]
    Length                             ->        5(frames)
    Stream[ 0]
      Interpolation[ 0]
        Tree index                     ->        3
        PDF index                      ->       38
    Stream[ 1]
      MSD flag                         ->    FALSE
      Interpolation[ 0]
        Tree index                     ->        3
        PDF index                      ->      617
    Stream[ 2]
      Interpolation[ 0]
        Tree index                     ->        3
        PDF index                      ->        1
  State[ 4]
    Length                             ->        3(frames)
    Stream[ 0]
      Interpolation[ 0]
        Tree index                     ->        4
        PDF index                      ->      146
    Stream[ 1]
      MSD flag                         ->    FALSE
      Interpolation[ 0]
        Tree index                     ->        4
        PDF index                      ->     1462
    Stream[ 2]
      Interpolation[ 0]
        Tree index                     ->        4
        PDF index                      ->        1
  State[ 5]
    Length                             ->        2(frames)
    Stream[ 0]
      Interpolation[ 0]
        Tree index                     ->        5
        PDF index                      ->      472
    Stream[ 1]
      MSD flag                         ->    FALSE
      Interpolation[ 0]
        Tree index                     ->        5
        PDF index                      ->      875
    Stream[ 2]
      Interpolation[ 0]
        Tree index                     ->        5
        PDF index                      ->        1
  State[ 6]
    Length                             ->        3(frames)
    Stream[ 0]
      Interpolation[ 0]
        Tree index                     ->        6
        PDF index                      ->       96
    Stream[ 1]
      MSD flag                         ->    FALSE
      Interpolation[ 0]
        Tree index                     ->        6
        PDF index                      ->      820
    Stream[ 2]
      Interpolation[ 0]
        Tree index                     ->        6
        PDF index                      ->        1
HMM[22]
  Name                                 -> w^t-ii+txh=i@2_1/A:0_0_3/B:0-0-2@2-1&9-3#1-1$1-1!0-0;0-0|0/C:0+0+2/D:content_1/E:content+2@5+2&5+1#1+1/F:content_2/G:0_0/H:11=6^1=1|NONE/I:0=0/J:11+6-1
  Duration
    Interpolation[ 0]
      Tree index                       ->        2
      PDF index                        ->      897
  State[ 2]
    Length                             ->        4(frames)
    Stream[ 0]
      Interpolation[ 0]
        Tree index                     ->        2
        PDF index                      ->      626
    Stream[ 1]
      MSD flag                         ->     TRUE
      Interpolation[ 0]
        Tree index                     ->        2
        PDF index                      ->      130
    Stream[ 2]
      Interpolation[ 0]
        Tree index                     ->        2
        PDF index                      ->        1
  State[ 3]
    Length                             ->        9(frames)
    Stream[ 0]
      Interpolation[ 0]
        Tree index                     ->        3
        PDF index                      ->      460
    Stream[ 1]
      MSD flag                         ->     TRUE
      Interpolation[ 0]
        Tree index                     ->        3
        PDF index                      ->      615
    Stream[ 2]
      Interpolation[ 0]
        Tree index                     ->        3
        PDF index                      ->        1
  State[ 4]
    Length                             ->        4(frames)
    Stream[ 0]
      Interpolation[ 0]
        Tree index                     ->        4
        PDF index                      ->      125
    Stream[ 1]
      MSD flag                         ->     TRUE
      Interpolation[ 0]
        Tree index                     ->        4
        PDF index                      ->     1172
    Stream[ 2]
      Interpolation[ 0]
        Tree index                     ->        4
        PDF index                      ->        1
  State[ 5]
    Length                             ->        3(frames)
    Stream[ 0]
      Interpolation[ 0]
        Tree index                     ->        5
        PDF index                      ->      323
    Stream[ 1]
      MSD flag                         ->     TRUE
      Interpolation[ 0]
        Tree index                     ->        5
        PDF index                      ->       14
    Stream[ 2]
      Interpolation[ 0]
        Tree index                     ->        5
        PDF index                      ->        1
  State[ 6]
    Length                             ->        3(frames)
    Stream[ 0]
      Interpolation[ 0]
        Tree index                     ->        6
        PDF index                      ->      342
    Stream[ 1]
      MSD flag                         ->     TRUE
      Interpolation[ 0]
        Tree index                     ->        6
        PDF index                      ->      239
    Stream[ 2]
      Interpolation[ 0]
        Tree index                     ->        6
        PDF index                      ->        1
HMM[23]
  Name                                 -> t^ii-txh+i=k@1_2/A:0_0_2/B:0-0-2@1-2&10-2#1-1$1-1!0-0;0-0|0/C:0+0+3/D:content_2/E:content+2@6+1&6+0#1+0/F:0_0/G:0_0/H:11=6^1=1|NONE/I:0=0/J:11+6-1
  Duration
    Interpolation[ 0]
      Tree index                       ->        2
      PDF index                        ->      922
  State[ 2]
    Length                             ->        4(frames)
    Stream[ 0]
      Interpolation[ 0]
        Tree index                     ->        2
        PDF index                      ->       46
    Stream[ 1]
      MSD flag                         ->    FALSE
      Interpolation[ 0]
        Tree index                     ->        2
        PDF index                      ->      166
    Stream[ 2]
      Interpolation[ 0]
        Tree index                     ->        2
        PDF index                      ->        1
  State[ 3]
    Length                             ->       14(frames)
    Stream[ 0]
      Interpolation[ 0]
        Tree index                     ->        3
        PDF index                      ->      377
    Stream[ 1]
      MSD flag                         ->    FALSE
      Interpolation[ 0]
        Tree index                     ->        3
        PDF index                      ->       16
    Stream[ 2]
      Interpolation[ 0]
        Tree index                     ->        3
        PDF index                      ->        1
  State[ 4]
    Length                             ->        2(frames)
    Stream[ 0]
      Interpolation[ 0]
        Tree index                     ->        4
        PDF index                      ->      379
    Stream[ 1]
      MSD flag                         ->    FALSE
      Interpolation[ 0]
        Tree index                     ->        4
        PDF index                      ->     1462
    Stream[ 2]
      Interpolation[ 0]
        Tree index                     ->        4
        PDF index                      ->        1
  State[ 5]
    Length                             ->        3(frames)
    Stream[ 0]
      Interpolation[ 0]
        Tree index                     ->        5
        PDF index                      ->      165
    Stream[ 1]
      MSD flag                         ->    FALSE
      Interpolation[ 0]
        Tree index                     ->        5
        PDF index                      ->      874
    Stream[ 2]
      Interpolation[ 0]
        Tree index                     ->        5
        PDF index                      ->        1
  State[ 6]
    Length                             ->        7(frames)
    Stream[ 0]
      Interpolation[ 0]
        Tree index                     ->        6
        PDF index                      ->      476
    Stream[ 1]
      MSD flag                         ->    FALSE
      Interpolation[ 0]
        Tree index                     ->        6
        PDF index                      ->      173
    Stream[ 2]
      Interpolation[ 0]
        Tree index                     ->        6
        PDF index                      ->        1
HMM[24]
  Name                                 -> ii^txh-i+k=aa@2_1/A:0_0_2/B:0-0-2@1-2&10-2#1-1$1-1!0-0;0-0|0/C:0+0+3/D:content_2/E:content+2@6+1&6+0#1+0/F:0_0/G:0_0/H:11=6^1=1|NONE/I:0=0/J:11+6-1
  Duration
    Interpolation[ 0]
      Tree index                       ->        2
      PDF index                        ->     1065
  State[ 2]
    Length                             ->        2(frames)
    Stream[ 0]
      Interpolation[ 0]
        Tree index                     ->        2
        PDF index                      ->       42
    Stream[ 1]
      MSD flag                         ->     TRUE
      Interpolation[ 0]
        Tree index                     ->        2
        PDF index                      ->      651
    Stream[ 2]
      Interpolation[ 0]
        Tree index                     ->        2
        PDF index                      ->        1
  State[ 3]
    Length                             ->        2(frames)
    Stream[ 0]
      Interpolation[ 0]
        Tree index                     ->        3
        PDF index                      ->      334
    Stream[ 1]
      MSD flag                         ->     TRUE
      Interpolation[ 0]
        Tree index                     ->        3
        PDF index                      ->      674
    Stream[ 2]
      Interpolation[ 0]
        Tree index                     ->        3
        PDF index                      ->        1
  State[ 4]
    Length                             ->        3(frames)
    Stream[ 0]
      Interpolation[ 0]
        Tree index                     ->        4
        PDF index                      ->      333
    Stream[ 1]
      MSD flag                         ->     TRUE
      Interpolation[ 0]
        Tree index                     ->        4
        PDF index                      ->       36
    Stream[ 2]
      Interpolation[ 0]
        Tree index                     ->        4
        PDF index                      ->        1
  State[ 5]
    Length                             ->        3(frames)
    Stream[ 0]
      Interpolation[ 0]
        Tree index                     ->        5
        PDF index                      ->      199
    Stream[ 1]
      MSD flag                         ->     TRUE
      Interpolation[ 0]
        Tree index                     ->        5
        PDF index                      ->       36
    Stream[ 2]
      Interpolation[ 0]
        Tree index                     ->        5
        PDF index                      ->        1
  State[ 6]
    Length                             ->        4(frames)
    Stream[ 0]
      Interpolation[ 0]
        Tree index                     ->        6
        PDF index                      ->      483
    Stream[ 1]
      MSD flag                         ->    FALSE
      Interpolation[ 0]
        Tree index                     ->        6
        PDF index                      ->      370
    Stream[ 2]
      Interpolation[ 0]
        Tree index                     ->        6
        PDF index                      ->        1
HMM[25]
  Name                                 -> txh^i-k+aa=nx@1_3/A:0_0_2/B:0-0-3@2-1&11-1#1-1$1-1!0-0;0-0|0/C:0+0+0/D:content_2/E:content+2@6+1&6+0#1+0/F:0_0/G:0_0/H:11=6^1=1|NONE/I:0=0/J:11+6-1
  Duration
    Interpolation[ 0]
      Tree index                       ->        2
      PDF index                        ->      158
  State[ 2]
    Length                             ->        5(frames)
    Stream[ 0]
      Interpolation[ 0]
        Tree index                     ->        2
        PDF index                      ->      528
    Stream[ 1]
      MSD flag                         ->    FALSE
      Interpolation[ 0]
        Tree index                     ->        2
        PDF index                      ->      321
    Stream[ 2]
      Interpolation[ 0]
        Tree index                     ->        2
        PDF index                      ->        1
  State[ 3]
    Length                             ->        6(frames)
    Stream[ 0]
      Interpolation[ 0]
        Tree index                     ->        3
        PDF index                      ->      493
    Stream[ 1]
      MSD flag                         ->    FALSE
      Interpolation[ 0]
        Tree index                     ->        3
        PDF index                      ->      884
    Stream[ 2]
      Interpolation[ 0]
        Tree index                     ->        3
        PDF index                      ->        1
  State[ 4]
    Length                             ->        1(frames)
    Stream[ 0]
      Interpolation[ 0]
        Tree index                     ->        4
        PDF index                      ->       43
    Stream[ 1]
      MSD flag                         ->    FALSE
      Interpolation[ 0]
        Tree index                     ->        4
        PDF index                      ->     1462
    Stream[ 2]
      Interpolation[ 0]
        Tree index                     ->        4
        PDF index                      ->        1
  State[ 5]
    Length                             ->        1(frames)
    Stream[ 0]
      Interpolation[ 0]
        Tree index                     ->        5
        PDF index                      ->      159
    Stream[ 1]
      MSD flag                         ->    FALSE
      Interpolation[ 0]
        Tree index                     ->        5
        PDF index                      ->      875
    Stream[ 2]
      Interpolation[ 0]
        Tree index                     ->        5
        PDF index                      ->        1
  State[ 6]
    Length                             ->        4(frames)
    Stream[ 0]
      Interpolation[ 0]
        Tree index                     ->        6
        PDF index                      ->       20
    Stream[ 1]
      MSD flag                         ->    FALSE
      Interpolation[ 0]
        Tree index                     ->        6
        PDF index                      ->      296
    Stream[ 2]
      Interpolation[ 0]
        Tree index                     ->        6
        PDF index                      ->        1
HMM[26]
  Name                                 -> i^k-aa+nx=SIL@2_2/A:0_0_2/B:0-0-3@2-1&11-1#1-1$1-1!0-0;0-0|0/C:0+0+0/D:content_2/E:content+2@6+1&6+0#1+0/F:0_0/G:0_0/H:11=6^1=1|NONE/I:0=0/J:11+6-1
  Duration
    Interpolation[ 0]
      Tree index                       ->        2
      PDF index                        ->      117
  State[ 2]
    Length                             ->        5(frames)
    Stream[ 0]
      Interpolation[ 0]
        Tree index                     ->        2
        PDF index                      ->       83
    Stream[ 1]
      MSD flag                         ->     TRUE
      Interpolation[ 0]
        Tree index                     ->        2
        PDF index                      ->       58
    Stream[ 2]
      Interpolation[ 0]
        Tree index                     ->        2
        PDF index                      ->        1
  State[ 3]
    Length                             ->        8(frames)
    Stream[ 0]
      Interpolation[ 0]
        Tree index                     ->        3
        PDF index                      ->       81
    Stream[ 1]
      MSD flag                         ->     TRUE
      Interpolation[ 0]
        Tree index                     ->        3
        PDF index                      ->      859
    Stream[ 2]
      Interpolation[ 0]
        Tree index                     ->        3
        PDF index                      ->        1
  State[ 4]
    Length                             ->       13(frames)
    Stream[ 0]
      Interpolation[ 0]
        Tree index                     ->        4
        PDF index                      ->      442
    Stream[ 1]
      MSD flag                         ->     TRUE
      Interpolation[ 0]
        Tree index                     ->        4
        PDF index                      ->      368
    Stream[ 2]
      Interpolation[ 0]
        Tree index                     ->        4
        PDF index                      ->        1
  State[ 5]
    Length                             ->       10(frames)
    Stream[ 0]
      Interpolation[ 0]
        Tree index                     ->        5
        PDF index                      ->      413
    Stream[ 1]
      MSD flag                         ->     TRUE
      Interpolation[ 0]
        Tree index                     ->        5
        PDF index                      ->      276
    Stream[ 2]
      Interpolation[ 0]
        Tree index                     ->        5
        PDF index                      ->        1
  State[ 6]
    Length                             ->        6(frames)
    Stream[ 0]
      Interpolation[ 0]
        Tree index                     ->        6
        PDF index                      ->      334
    Stream[ 1]
      MSD flag                         ->    FALSE
      Interpolation[ 0]
        Tree index                     ->        6
        PDF index                      ->      450
    Stream[ 2]
      Interpolation[ 0]
        Tree index                     ->        6
        PDF index                      ->        1
HMM[27]
  Name                                 -> k^aa-nx+SIL=x@3_1/A:0_0_2/B:0-0-3@2-1&11-1#1-1$1-1!0-0;0-0|0/C:0+0+0/D:content_2/E:content+2@6+1&6+0#1+0/F:0_0/G:0_0/H:11=6^1=1|NONE/I:0=0/J:11+6-1
  Duration
    Interpolation[ 0]
      Tree index                       ->        2
      PDF index                        ->      513
  State[ 2]
    Length                             ->        4(frames)
    Stream[ 0]
      Interpolation[ 0]
        Tree index                     ->        2
        PDF index                      ->      335
    Stream[ 1]
      MSD flag                         ->     TRUE
      Interpolation[ 0]
        Tree index                     ->        2
        PDF index                      ->      892
    Stream[ 2]
      Interpolation[ 0]
        Tree index                     ->        2
        PDF index                      ->        1
  State[ 3]
    Length                             ->        3(frames)
    Stream[ 0]
      Interpolation[ 0]
        Tree index                     ->        3
        PDF index                      ->      585
    Stream[ 1]
      MSD flag                         ->     TRUE
      Interpolation[ 0]
        Tree index                     ->        3
        PDF index                      ->       23
    Stream[ 2]
      Interpolation[ 0]
        Tree index                     ->        3
        PDF index                      ->        1
  State[ 4]
    Length                             ->        2(frames)
    Stream[ 0]
      Interpolation[ 0]
        Tree index                     ->        4
        PDF index                      ->      224
    Stream[ 1]
      MSD flag                         ->     TRUE
      Interpolation[ 0]
        Tree index                     ->        4
        PDF index                      ->     1396
    Stream[ 2]
      Interpolation[ 0]
        Tree index                     ->        4
        PDF index                      ->        1
  State[ 5]
    Length                             ->        8(frames)
    Stream[ 0]
      Interpolation[ 0]
        Tree index                     ->        5
        PDF index                      ->       52
    Stream[ 1]
      MSD flag                         ->    FALSE
      Interpolation[ 0]
        Tree index                     ->        5
        PDF index                      ->      425
    Stream[ 2]
      Interpolation[ 0]
        Tree index                     ->        5
        PDF index                      ->        1
  State[ 6]
    Length                             ->       13(frames)
    Stream[ 0]
      Interpolation[ 0]
        Tree index                     ->        6
        PDF index                      ->      299
    Stream[ 1]
      MSD flag                         ->    FALSE
      Interpolation[ 0]
        Tree index                     ->        6
        PDF index                      ->     1037
    Stream[ 2]
      Interpolation[ 0]
        Tree index                     ->        6
        PDF index                      ->        1
HMM[28]
  Name                                 -> aa^nx-SIL+x=x@1_0/A:0_0_0/B:0-0-0@1-0&1-1#1-1$1-1!0-0;0-0|0/C:0+0+0/D:0_0/E:0+0@1+0&1+0#0+0/F:0_0/G:0_0/H:0=0^1=1|0/I:0=0/J:11+6-1
  Duration
    Interpolation[ 0]
      Tree index                       ->        2
      PDF index                        ->      270
  State[ 2]
    Length                             ->        6(frames)
    Stream[ 0]
      Interpolation[ 0]
        Tree index                     ->        2
        PDF index                      ->      454
    Stream[ 1]
      MSD flag                         ->    FALSE
      Interpolation[ 0]
        Tree index                     ->        2
        PDF index                      ->      168
    Stream[ 2]
      Interpolation[ 0]
        Tree index                     ->        2
        PDF index                      ->        1
  State[ 3]
    Length                             ->        4(frames)
    Stream[ 0]
      Interpolation[ 0]
        Tree index                     ->        3
        PDF index                      ->      433
    Stream[ 1]
      MSD flag                         ->    FALSE
      Interpolation[ 0]
        Tree index                     ->        3
        PDF index                      ->      884
    Stream[ 2]
      Interpolation[ 0]
        Tree index                     ->        3
        PDF index                      ->        1
  State[ 4]
    Length                             ->        2(frames)
    Stream[ 0]
      Interpolation[ 0]
        Tree index                     ->        4
        PDF index                      ->      483
    Stream[ 1]
      MSD flag                         ->    FALSE
      Interpolation[ 0]
        Tree index                     ->        4
        PDF index                      ->      690
    Stream[ 2]
      Interpolation[ 0]
        Tree index                     ->        4
        PDF index                      ->        1
  State[ 5]
    Length                             ->       15(frames)
    Stream[ 0]
      Interpolation[ 0]
        Tree index                     ->        5
        PDF index                      ->        4
    Stream[ 1]
      MSD flag                         ->    FALSE
      Interpolation[ 0]
        Tree index                     ->        5
        PDF index                      ->      707
    Stream[ 2]
      Interpolation[ 0]
        Tree index                     ->        5
        PDF index                      ->        1
  State[ 6]
    Length                             ->        1(frames)
    Stream[ 0]
      Interpolation[ 0]
        Tree index                     ->        6
        PDF index                      ->      332
    Stream[ 1]
      MSD flag                         ->    FALSE
      Interpolation[ 0]
        Tree index                     ->        6
        PDF index                      ->        1
    Stream[ 2]
      Interpolation[ 0]
        Tree index                     ->        6
        PDF index                      ->        1
